_global.get('desktop').getCOMById('layout').getCurLayout()
_global.get('desktop').getCOMById('layout').getCurLayout().getWidgetById('id-131784');

_global.objects['desktop']._c['layout'].getCurLayout();



[8297:0128/215915:INFO:CONSOLE(765)] ""drop-grid"", source: file:///home/cos/Templates/repode/app/demo-webde/nw/js/view.js (765)
[8297:0128/215915:INFO:CONSOLE(906)] ""id-2627573 ---\u003E 13  4"", source: file:///home/cos/Templates/repode/app/demo-webde/nw/js/view.js (906)
[8297:0128/220151:INFO:CONSOLE(3343)] "null", source: file:///home/cos/Templates/repode/app/demo-webde/nw/js/view.js (3343)
[8297:0128/220151:INFO:CONSOLE(1769)] "Uncaught TypeError: Cannot call method 'destroy' of undefined", source: file:///home/cos/Templates/repode/app/demo-webde/nw/js/view.js (1769)

===================
Title: FileEntryModel
[8297:0128/220239:INFO:CONSOLE(821)] ""ret_: /home/cos/tmp/test4.txt,665566"", source: file:///home/cos/Templates/repode/app/demo-webde/nw/js/view.js (821)
var inode_=12345
var path_="/home/cos/tmp/test4.txt"
desktop=_global.get('desktop')
entry = FileEntryModel.create('id-' + inode_, null, path_, desktop._position);


_global._dataOP.removeFileFromDesk(function(){console.log("okokook");}, "/home/cos/.custard/resource/document/data/test1.txt")
_global._dataOP.removeFileFromDB(function(){console.log("okokook");}, "/home/cos/.custard/resource/document/data/test4.txt")


===================
Title: SQL Language
SQL:
select filename,postfix from document where 1=1 and postfix = 'txt' and filename = 'test5'
Update document set path='/home/cos/.custard/resource/document/data/test5.txt',others='$desktop$,tmp' where 1=1 and URI='rio13370rio#0c052ba9217978ead19f#document'

select * from document where filename='test1'
delete from document where filename='test1'

===================
Title: function of showc
function showc(obj){
  for(var key in obj){
    console.log(key);
    console.log(obj[key]);
  }
}
showc(_global.get('desktop').getCOMById('layout').getCurLayout()._wm._c);

var _id = "id-665802"


===================
Title: testMessenger
  _msg = Messenger().newMessage();
  _msg.update({
    message: lang['move2trash'] + lang['space'] + lang['success'],
    type: 'success',
    showCloseButton: true,
    actions: false
          });


====================
Title: Content of device_list
showc(_global.get('desktop')._view._c['device-list']._c['cos']._c)
192.168.161.243:8885
SubClass {_id: "192.168.161.243:8885", _model: SubClass, _parent: SubClass, $view: o.fn.init[1], _controller: SubClass…}
192.168.160.176:8885
SubClass {_id: "192.168.160.176:8885", _model: SubClass, _parent: SubClass, $view: o.fn.init[1], _controller: SubClass…}


===================
Title: contextmenu
$(document).on('contextmenu', 'html', function (e) {console.log("contextmenu:" + e);});
$("#id-665917").on('contextmenu', function (e) {
  e.preventDefault();
  e.stopPropagation();
  console.log("contextmenu:" + e);
});
$(document).on('mouseup', 'html', function (e) {console.log("mouseup:" + e);});

===================
Title: get view and stop contextmenu
_global.get('desktop')._view._c['device-list'].$view.on('contextmenu', function (e) {
  e.preventDefault();
  e.stopPropagation();
  console.log("contextmenu:" + e);
});


==================
Title: Name of html5 dev for Eclipse
Aptana Studio
比较好用的字体：
Libration Mono


==================
Title:LauncherModel，获得Entry。
_global.get("desktop").getCOMById("launcher").getCOMById("datamgr-app")._startUp;
_global._openingWindows
_global._openingWindows.focusOnAWindow

==================
Title: IMChat
{"Action":"notify","Event":"imChat","Data":{"MsgObj":{"from":"xiquan","uuid":"rio19481rio","to":"cos","message":"{\"group\":\"\",\"msg\":\"<p>awrawrwarw</p>\"}","type":"imChat","time":1423110136388},"IP":"192.168.161.199"}} 

==================

//getAllDesktopFile
// load all installed normal App
_global._dataOP.getAllDesktopFile(function(err_, files_) {
  if(err_) return console.log(err_);
  for(var key in files_) {
    console.log(key);
    console.log(files_[key]);
  }
});

//getRegisteredAppInfo
_global._app.getRegisteredAppInfo(function(err_, info_) {
  if(err_) return console.log(err_);
  else console.log(info_);
}, "datamgr-app");
_global._app.getRegisteredApp(function(err_, list_) {
  if(err_) return console.log(err_);
  for(var i = 0; i < list_.length; ++i) {
    console.log(list_[i]);
//    try {
//      _this.get(list_[i]);
//    } catch(e) {
//      _global._app.getRegisteredAppInfo(function(err_, info_) {
//        if(err_) return console.log(err_);
//        if(info_.notShow) return ;
//        _this.createAModel(info_, 'inside-app');
//      }, list_[i]);
//    }
  }
});
